[0301/132452.051:INFO:CONSOLE(1)] "Uncaught ReferenceError: start is not defined", source: file:///C:/Program%20Files/Google/Chrome/Application/110.0.5481.178/ (1)
[0301/132452.051:INFO:CONSOLE(2)] "Uncaught ReferenceError: onHasParentDirectory is not defined", source: file:///C:/Program%20Files/Google/Chrome/Application/110.0.5481.178/ (2)
[0301/132452.052:INFO:CONSOLE(3)] "Uncaught ReferenceError: addRow is not defined", source: file:///C:/Program%20Files/Google/Chrome/Application/110.0.5481.178/ (3)
[0301/132452.052:INFO:CONSOLE(4)] "Uncaught ReferenceError: addRow is not defined", source: file:///C:/Program%20Files/Google/Chrome/Application/110.0.5481.178/ (4)
[0301/132452.053:INFO:CONSOLE(5)] "Uncaught ReferenceError: addRow is not defined", source: file:///C:/Program%20Files/Google/Chrome/Application/110.0.5481.178/ (5)
[0301/132452.053:INFO:CONSOLE(6)] "Uncaught ReferenceError: addRow is not defined", source: file:///C:/Program%20Files/Google/Chrome/Application/110.0.5481.178/ (6)
[0301/132452.053:INFO:CONSOLE(7)] "Uncaught ReferenceError: addRow is not defined", source: file:///C:/Program%20Files/Google/Chrome/Application/110.0.5481.178/ (7)
[0301/132452.054:INFO:CONSOLE(8)] "Uncaught ReferenceError: addRow is not defined", source: file:///C:/Program%20Files/Google/Chrome/Application/110.0.5481.178/ (8)
[0301/132452.054:INFO:CONSOLE(9)] "Uncaught ReferenceError: addRow is not defined", source: file:///C:/Program%20Files/Google/Chrome/Application/110.0.5481.178/ (9)
[0301/132452.054:INFO:CONSOLE(10)] "Uncaught ReferenceError: addRow is not defined", source: file:///C:/Program%20Files/Google/Chrome/Application/110.0.5481.178/ (10)
[0301/132452.055:INFO:CONSOLE(11)] "Uncaught ReferenceError: addRow is not defined", source: file:///C:/Program%20Files/Google/Chrome/Application/110.0.5481.178/ (11)
[0301/132452.055:INFO:CONSOLE(12)] "Uncaught ReferenceError: addRow is not defined", source: file:///C:/Program%20Files/Google/Chrome/Application/110.0.5481.178/ (12)
[0301/132452.055:INFO:CONSOLE(13)] "Uncaught ReferenceError: addRow is not defined", source: file:///C:/Program%20Files/Google/Chrome/Application/110.0.5481.178/ (13)
[0301/132452.056:INFO:CONSOLE(14)] "Uncaught ReferenceError: addRow is not defined", source: file:///C:/Program%20Files/Google/Chrome/Application/110.0.5481.178/ (14)
[0301/132452.057:INFO:CONSOLE(15)] "Uncaught ReferenceError: addRow is not defined", source: file:///C:/Program%20Files/Google/Chrome/Application/110.0.5481.178/ (15)
[0301/132452.057:INFO:CONSOLE(16)] "Uncaught ReferenceError: addRow is not defined", source: file:///C:/Program%20Files/Google/Chrome/Application/110.0.5481.178/ (16)
[0301/132452.088:INFO:CONSOLE(17)] "Uncaught ReferenceError: addRow is not defined", source: file:///C:/Program%20Files/Google/Chrome/Application/110.0.5481.178/ (17)
[0301/132452.089:INFO:CONSOLE(18)] "Uncaught ReferenceError: addRow is not defined", source: file:///C:/Program%20Files/Google/Chrome/Application/110.0.5481.178/ (18)
[0301/132452.089:INFO:CONSOLE(19)] "Uncaught ReferenceError: addRow is not defined", source: file:///C:/Program%20Files/Google/Chrome/Application/110.0.5481.178/ (19)
[0301/132452.091:INFO:CONSOLE(20)] "Uncaught ReferenceError: addRow is not defined", source: file:///C:/Program%20Files/Google/Chrome/Application/110.0.5481.178/ (20)
[0301/132452.092:INFO:CONSOLE(21)] "Uncaught ReferenceError: addRow is not defined", source: file:///C:/Program%20Files/Google/Chrome/Application/110.0.5481.178/ (21)
[0301/132452.093:INFO:CONSOLE(22)] "Uncaught ReferenceError: addRow is not defined", source: file:///C:/Program%20Files/Google/Chrome/Application/110.0.5481.178/ (22)
[0301/132452.095:INFO:CONSOLE(23)] "Uncaught ReferenceError: addRow is not defined", source: file:///C:/Program%20Files/Google/Chrome/Application/110.0.5481.178/ (23)
[0301/132452.097:INFO:CONSOLE(24)] "Uncaught ReferenceError: addRow is not defined", source: file:///C:/Program%20Files/Google/Chrome/Application/110.0.5481.178/ (24)
[0301/132452.098:INFO:CONSOLE(25)] "Uncaught ReferenceError: addRow is not defined", source: file:///C:/Program%20Files/Google/Chrome/Application/110.0.5481.178/ (25)
[0301/132452.098:INFO:CONSOLE(26)] "Uncaught ReferenceError: addRow is not defined", source: file:///C:/Program%20Files/Google/Chrome/Application/110.0.5481.178/ (26)
[0301/132452.099:INFO:CONSOLE(27)] "Uncaught ReferenceError: addRow is not defined", source: file:///C:/Program%20Files/Google/Chrome/Application/110.0.5481.178/ (27)
[0301/132452.099:INFO:CONSOLE(28)] "Uncaught ReferenceError: addRow is not defined", source: file:///C:/Program%20Files/Google/Chrome/Application/110.0.5481.178/ (28)
[0301/132452.099:INFO:CONSOLE(29)] "Uncaught ReferenceError: addRow is not defined", source: file:///C:/Program%20Files/Google/Chrome/Application/110.0.5481.178/ (29)
[0301/132452.100:INFO:CONSOLE(30)] "Uncaught ReferenceError: addRow is not defined", source: file:///C:/Program%20Files/Google/Chrome/Application/110.0.5481.178/ (30)
[0301/132452.100:INFO:CONSOLE(31)] "Uncaught ReferenceError: addRow is not defined", source: file:///C:/Program%20Files/Google/Chrome/Application/110.0.5481.178/ (31)
[0301/132452.100:INFO:CONSOLE(32)] "Uncaught ReferenceError: addRow is not defined", source: file:///C:/Program%20Files/Google/Chrome/Application/110.0.5481.178/ (32)
[0301/132452.100:INFO:CONSOLE(33)] "Uncaught ReferenceError: addRow is not defined", source: file:///C:/Program%20Files/Google/Chrome/Application/110.0.5481.178/ (33)
[0301/132452.101:INFO:CONSOLE(34)] "Uncaught ReferenceError: addRow is not defined", source: file:///C:/Program%20Files/Google/Chrome/Application/110.0.5481.178/ (34)
[0301/132458.652:INFO:CONSOLE(7)] "Another connection wants to delete database 'wawc'. Closing db now to resume the delete request.", source: https://web.whatsapp.com/vendor1~app.0c8e960e5dfd7020f562.js (7)
[0301/132508.130:INFO:CONSOLE(1)] "Store Object 'Identity' was not found", source:  (1)
[0301/132508.130:INFO:CONSOLE(1)] "Store Object 'MediaUpload' was not found", source:  (1)
[0301/132508.131:INFO:CONSOLE(1)] "Store Object 'sendSetGroupSubject' was not found", source:  (1)
[0301/132508.132:INFO:CONSOLE(1)] "Store Object 'sendSetGroupProperty' was not found", source:  (1)
[0301/132508.132:INFO:CONSOLE(1)] "Store Object 'sendSetGroupDescription' was not found", source:  (1)
[0301/132508.134:INFO:CONSOLE(5)] "[object Event]", source: https://web.whatsapp.com/app.9e31a8725d9f2a90915f.js (5)
[0301/132508.135:INFO:CONSOLE(5)] "[object Event]", source: https://web.whatsapp.com/app.9e31a8725d9f2a90915f.js (5)
[0301/132508.136:INFO:CONSOLE(5)] "[object Event]", source: https://web.whatsapp.com/app.9e31a8725d9f2a90915f.js (5)
[0301/132508.137:INFO:CONSOLE(5)] "[object Event]", source: https://web.whatsapp.com/app.9e31a8725d9f2a90915f.js (5)
[0301/132508.138:INFO:CONSOLE(5)] "[object Event]", source: https://web.whatsapp.com/app.9e31a8725d9f2a90915f.js (5)
