[0301/133426.580:INFO:CONSOLE(1)] "Uncaught ReferenceError: start is not defined", source: file:///C:/Program%20Files/Google/Chrome/Application/110.0.5481.178/ (1)
[0301/133426.581:INFO:CONSOLE(2)] "Uncaught ReferenceError: onHasParentDirectory is not defined", source: file:///C:/Program%20Files/Google/Chrome/Application/110.0.5481.178/ (2)
[0301/133426.582:INFO:CONSOLE(3)] "Uncaught ReferenceError: addRow is not defined", source: file:///C:/Program%20Files/Google/Chrome/Application/110.0.5481.178/ (3)
[0301/133426.582:INFO:CONSOLE(4)] "Uncaught ReferenceError: addRow is not defined", source: file:///C:/Program%20Files/Google/Chrome/Application/110.0.5481.178/ (4)
[0301/133426.583:INFO:CONSOLE(5)] "Uncaught ReferenceError: addRow is not defined", source: file:///C:/Program%20Files/Google/Chrome/Application/110.0.5481.178/ (5)
[0301/133426.583:INFO:CONSOLE(6)] "Uncaught ReferenceError: addRow is not defined", source: file:///C:/Program%20Files/Google/Chrome/Application/110.0.5481.178/ (6)
[0301/133426.584:INFO:CONSOLE(7)] "Uncaught ReferenceError: addRow is not defined", source: file:///C:/Program%20Files/Google/Chrome/Application/110.0.5481.178/ (7)
[0301/133426.584:INFO:CONSOLE(8)] "Uncaught ReferenceError: addRow is not defined", source: file:///C:/Program%20Files/Google/Chrome/Application/110.0.5481.178/ (8)
[0301/133426.584:INFO:CONSOLE(9)] "Uncaught ReferenceError: addRow is not defined", source: file:///C:/Program%20Files/Google/Chrome/Application/110.0.5481.178/ (9)
[0301/133426.584:INFO:CONSOLE(10)] "Uncaught ReferenceError: addRow is not defined", source: file:///C:/Program%20Files/Google/Chrome/Application/110.0.5481.178/ (10)
[0301/133426.585:INFO:CONSOLE(11)] "Uncaught ReferenceError: addRow is not defined", source: file:///C:/Program%20Files/Google/Chrome/Application/110.0.5481.178/ (11)
[0301/133426.585:INFO:CONSOLE(12)] "Uncaught ReferenceError: addRow is not defined", source: file:///C:/Program%20Files/Google/Chrome/Application/110.0.5481.178/ (12)
[0301/133426.585:INFO:CONSOLE(13)] "Uncaught ReferenceError: addRow is not defined", source: file:///C:/Program%20Files/Google/Chrome/Application/110.0.5481.178/ (13)
[0301/133426.585:INFO:CONSOLE(14)] "Uncaught ReferenceError: addRow is not defined", source: file:///C:/Program%20Files/Google/Chrome/Application/110.0.5481.178/ (14)
[0301/133426.585:INFO:CONSOLE(15)] "Uncaught ReferenceError: addRow is not defined", source: file:///C:/Program%20Files/Google/Chrome/Application/110.0.5481.178/ (15)
[0301/133426.585:INFO:CONSOLE(16)] "Uncaught ReferenceError: addRow is not defined", source: file:///C:/Program%20Files/Google/Chrome/Application/110.0.5481.178/ (16)
[0301/133426.585:INFO:CONSOLE(17)] "Uncaught ReferenceError: addRow is not defined", source: file:///C:/Program%20Files/Google/Chrome/Application/110.0.5481.178/ (17)
[0301/133426.586:INFO:CONSOLE(18)] "Uncaught ReferenceError: addRow is not defined", source: file:///C:/Program%20Files/Google/Chrome/Application/110.0.5481.178/ (18)
[0301/133426.586:INFO:CONSOLE(19)] "Uncaught ReferenceError: addRow is not defined", source: file:///C:/Program%20Files/Google/Chrome/Application/110.0.5481.178/ (19)
[0301/133426.586:INFO:CONSOLE(20)] "Uncaught ReferenceError: addRow is not defined", source: file:///C:/Program%20Files/Google/Chrome/Application/110.0.5481.178/ (20)
[0301/133426.587:INFO:CONSOLE(21)] "Uncaught ReferenceError: addRow is not defined", source: file:///C:/Program%20Files/Google/Chrome/Application/110.0.5481.178/ (21)
[0301/133426.587:INFO:CONSOLE(22)] "Uncaught ReferenceError: addRow is not defined", source: file:///C:/Program%20Files/Google/Chrome/Application/110.0.5481.178/ (22)
[0301/133426.587:INFO:CONSOLE(23)] "Uncaught ReferenceError: addRow is not defined", source: file:///C:/Program%20Files/Google/Chrome/Application/110.0.5481.178/ (23)
[0301/133426.588:INFO:CONSOLE(24)] "Uncaught ReferenceError: addRow is not defined", source: file:///C:/Program%20Files/Google/Chrome/Application/110.0.5481.178/ (24)
[0301/133426.588:INFO:CONSOLE(25)] "Uncaught ReferenceError: addRow is not defined", source: file:///C:/Program%20Files/Google/Chrome/Application/110.0.5481.178/ (25)
[0301/133426.588:INFO:CONSOLE(26)] "Uncaught ReferenceError: addRow is not defined", source: file:///C:/Program%20Files/Google/Chrome/Application/110.0.5481.178/ (26)
[0301/133426.589:INFO:CONSOLE(27)] "Uncaught ReferenceError: addRow is not defined", source: file:///C:/Program%20Files/Google/Chrome/Application/110.0.5481.178/ (27)
[0301/133426.589:INFO:CONSOLE(28)] "Uncaught ReferenceError: addRow is not defined", source: file:///C:/Program%20Files/Google/Chrome/Application/110.0.5481.178/ (28)
[0301/133426.589:INFO:CONSOLE(29)] "Uncaught ReferenceError: addRow is not defined", source: file:///C:/Program%20Files/Google/Chrome/Application/110.0.5481.178/ (29)
[0301/133426.590:INFO:CONSOLE(30)] "Uncaught ReferenceError: addRow is not defined", source: file:///C:/Program%20Files/Google/Chrome/Application/110.0.5481.178/ (30)
[0301/133426.590:INFO:CONSOLE(31)] "Uncaught ReferenceError: addRow is not defined", source: file:///C:/Program%20Files/Google/Chrome/Application/110.0.5481.178/ (31)
[0301/133426.591:INFO:CONSOLE(32)] "Uncaught ReferenceError: addRow is not defined", source: file:///C:/Program%20Files/Google/Chrome/Application/110.0.5481.178/ (32)
[0301/133426.591:INFO:CONSOLE(33)] "Uncaught ReferenceError: addRow is not defined", source: file:///C:/Program%20Files/Google/Chrome/Application/110.0.5481.178/ (33)
[0301/133426.591:INFO:CONSOLE(34)] "Uncaught ReferenceError: addRow is not defined", source: file:///C:/Program%20Files/Google/Chrome/Application/110.0.5481.178/ (34)
[0301/133433.293:ERROR:cache_util_win.cc(20)] Unable to move the cache: Acesso negado. (0x5)
[0301/133433.315:ERROR:disk_cache.cc(205)] Unable to create cache
[0301/133433.315:ERROR:gpu_disk_cache.cc(673)] Gpu Cache Creation failed: -2
[0301/133433.321:ERROR:cache_util_win.cc(20)] Unable to move the cache: Acesso negado. (0x5)
[0301/133433.322:ERROR:disk_cache.cc(205)] Unable to create cache
[0301/133433.322:ERROR:gpu_disk_cache.cc(673)] Gpu Cache Creation failed: -2
[0301/133433.771:INFO:CONSOLE(1)] "Uncaught ReferenceError: start is not defined", source: file:///C:/Program%20Files/Google/Chrome/Application/110.0.5481.178/ (1)
[0301/133433.771:INFO:CONSOLE(2)] "Uncaught ReferenceError: onHasParentDirectory is not defined", source: file:///C:/Program%20Files/Google/Chrome/Application/110.0.5481.178/ (2)
[0301/133433.771:INFO:CONSOLE(3)] "Uncaught ReferenceError: addRow is not defined", source: file:///C:/Program%20Files/Google/Chrome/Application/110.0.5481.178/ (3)
[0301/133433.772:INFO:CONSOLE(4)] "Uncaught ReferenceError: addRow is not defined", source: file:///C:/Program%20Files/Google/Chrome/Application/110.0.5481.178/ (4)
[0301/133433.772:INFO:CONSOLE(5)] "Uncaught ReferenceError: addRow is not defined", source: file:///C:/Program%20Files/Google/Chrome/Application/110.0.5481.178/ (5)
[0301/133433.772:INFO:CONSOLE(6)] "Uncaught ReferenceError: addRow is not defined", source: file:///C:/Program%20Files/Google/Chrome/Application/110.0.5481.178/ (6)
[0301/133433.773:INFO:CONSOLE(7)] "Uncaught ReferenceError: addRow is not defined", source: file:///C:/Program%20Files/Google/Chrome/Application/110.0.5481.178/ (7)
[0301/133433.773:INFO:CONSOLE(8)] "Uncaught ReferenceError: addRow is not defined", source: file:///C:/Program%20Files/Google/Chrome/Application/110.0.5481.178/ (8)
[0301/133433.774:INFO:CONSOLE(9)] "Uncaught ReferenceError: addRow is not defined", source: file:///C:/Program%20Files/Google/Chrome/Application/110.0.5481.178/ (9)
[0301/133433.774:INFO:CONSOLE(10)] "Uncaught ReferenceError: addRow is not defined", source: file:///C:/Program%20Files/Google/Chrome/Application/110.0.5481.178/ (10)
[0301/133433.775:INFO:CONSOLE(11)] "Uncaught ReferenceError: addRow is not defined", source: file:///C:/Program%20Files/Google/Chrome/Application/110.0.5481.178/ (11)
[0301/133433.775:INFO:CONSOLE(12)] "Uncaught ReferenceError: addRow is not defined", source: file:///C:/Program%20Files/Google/Chrome/Application/110.0.5481.178/ (12)
[0301/133433.776:INFO:CONSOLE(13)] "Uncaught ReferenceError: addRow is not defined", source: file:///C:/Program%20Files/Google/Chrome/Application/110.0.5481.178/ (13)
[0301/133433.777:INFO:CONSOLE(14)] "Uncaught ReferenceError: addRow is not defined", source: file:///C:/Program%20Files/Google/Chrome/Application/110.0.5481.178/ (14)
[0301/133433.777:INFO:CONSOLE(15)] "Uncaught ReferenceError: addRow is not defined", source: file:///C:/Program%20Files/Google/Chrome/Application/110.0.5481.178/ (15)
[0301/133433.778:INFO:CONSOLE(16)] "Uncaught ReferenceError: addRow is not defined", source: file:///C:/Program%20Files/Google/Chrome/Application/110.0.5481.178/ (16)
[0301/133433.779:INFO:CONSOLE(17)] "Uncaught ReferenceError: addRow is not defined", source: file:///C:/Program%20Files/Google/Chrome/Application/110.0.5481.178/ (17)
[0301/133433.779:INFO:CONSOLE(18)] "Uncaught ReferenceError: addRow is not defined", source: file:///C:/Program%20Files/Google/Chrome/Application/110.0.5481.178/ (18)
[0301/133433.780:INFO:CONSOLE(19)] "Uncaught ReferenceError: addRow is not defined", source: file:///C:/Program%20Files/Google/Chrome/Application/110.0.5481.178/ (19)
[0301/133433.781:INFO:CONSOLE(20)] "Uncaught ReferenceError: addRow is not defined", source: file:///C:/Program%20Files/Google/Chrome/Application/110.0.5481.178/ (20)
[0301/133433.781:INFO:CONSOLE(21)] "Uncaught ReferenceError: addRow is not defined", source: file:///C:/Program%20Files/Google/Chrome/Application/110.0.5481.178/ (21)
[0301/133433.782:INFO:CONSOLE(22)] "Uncaught ReferenceError: addRow is not defined", source: file:///C:/Program%20Files/Google/Chrome/Application/110.0.5481.178/ (22)
[0301/133433.783:INFO:CONSOLE(23)] "Uncaught ReferenceError: addRow is not defined", source: file:///C:/Program%20Files/Google/Chrome/Application/110.0.5481.178/ (23)
[0301/133433.783:INFO:CONSOLE(24)] "Uncaught ReferenceError: addRow is not defined", source: file:///C:/Program%20Files/Google/Chrome/Application/110.0.5481.178/ (24)
[0301/133433.784:INFO:CONSOLE(25)] "Uncaught ReferenceError: addRow is not defined", source: file:///C:/Program%20Files/Google/Chrome/Application/110.0.5481.178/ (25)
[0301/133433.784:INFO:CONSOLE(26)] "Uncaught ReferenceError: addRow is not defined", source: file:///C:/Program%20Files/Google/Chrome/Application/110.0.5481.178/ (26)
[0301/133433.784:INFO:CONSOLE(27)] "Uncaught ReferenceError: addRow is not defined", source: file:///C:/Program%20Files/Google/Chrome/Application/110.0.5481.178/ (27)
[0301/133433.785:INFO:CONSOLE(28)] "Uncaught ReferenceError: addRow is not defined", source: file:///C:/Program%20Files/Google/Chrome/Application/110.0.5481.178/ (28)
[0301/133433.785:INFO:CONSOLE(29)] "Uncaught ReferenceError: addRow is not defined", source: file:///C:/Program%20Files/Google/Chrome/Application/110.0.5481.178/ (29)
[0301/133433.785:INFO:CONSOLE(30)] "Uncaught ReferenceError: addRow is not defined", source: file:///C:/Program%20Files/Google/Chrome/Application/110.0.5481.178/ (30)
[0301/133433.786:INFO:CONSOLE(31)] "Uncaught ReferenceError: addRow is not defined", source: file:///C:/Program%20Files/Google/Chrome/Application/110.0.5481.178/ (31)
[0301/133433.786:INFO:CONSOLE(32)] "Uncaught ReferenceError: addRow is not defined", source: file:///C:/Program%20Files/Google/Chrome/Application/110.0.5481.178/ (32)
[0301/133433.786:INFO:CONSOLE(33)] "Uncaught ReferenceError: addRow is not defined", source: file:///C:/Program%20Files/Google/Chrome/Application/110.0.5481.178/ (33)
[0301/133433.786:INFO:CONSOLE(34)] "Uncaught ReferenceError: addRow is not defined", source: file:///C:/Program%20Files/Google/Chrome/Application/110.0.5481.178/ (34)
[0301/133438.916:INFO:CONSOLE(7)] "Another connection wants to delete database 'wawc'. Closing db now to resume the delete request.", source: https://web.whatsapp.com/vendor1~app.0c8e960e5dfd7020f562.js (7)
[0301/133450.355:ERROR:leveldb_factory.cc(88)] Failed to open LevelDB database from C:\Users\Hermani.DESKTOP-9GQEH3S\OneDrive - WKVE Telecom\Nova pasta\WhatsBot\tokens\Fechamento\Default\IndexedDB\https_web.whatsapp.com_0.indexeddb.leveldb,IO error: C:\Users\Hermani.DESKTOP-9GQEH3S\OneDrive - WKVE Telecom\Nova pasta\WhatsBot\tokens\Fechamento\Default\IndexedDB\https_web.whatsapp.com_0.indexeddb.leveldb/LOCK: File currently in use. (ChromeMethodBFE: 15::LockFile::2)
[0301/133452.423:ERROR:leveldb_factory.cc(88)] Failed to open LevelDB database from C:\Users\Hermani.DESKTOP-9GQEH3S\OneDrive - WKVE Telecom\Nova pasta\WhatsBot\tokens\Fechamento\Default\IndexedDB\https_web.whatsapp.com_0.indexeddb.leveldb,IO error: C:\Users\Hermani.DESKTOP-9GQEH3S\OneDrive - WKVE Telecom\Nova pasta\WhatsBot\tokens\Fechamento\Default\IndexedDB\https_web.whatsapp.com_0.indexeddb.leveldb/LOCK: File currently in use. (ChromeMethodBFE: 15::LockFile::2)
[0301/133454.101:ERROR:cache_util_win.cc(20)] Unable to move the cache: Acesso negado. (0x5)
[0301/133454.101:ERROR:disk_cache.cc(205)] Unable to create cache
[0301/133459.996:ERROR:leveldb_factory.cc(88)] Failed to open LevelDB database from C:\Users\Hermani.DESKTOP-9GQEH3S\OneDrive - WKVE Telecom\Nova pasta\WhatsBot\tokens\Fechamento\Default\IndexedDB\https_web.whatsapp.com_0.indexeddb.leveldb,IO error: C:\Users\Hermani.DESKTOP-9GQEH3S\OneDrive - WKVE Telecom\Nova pasta\WhatsBot\tokens\Fechamento\Default\IndexedDB\https_web.whatsapp.com_0.indexeddb.leveldb/LOCK: File currently in use. (ChromeMethodBFE: 15::LockFile::2)
[0301/133502.039:ERROR:leveldb_factory.cc(88)] Failed to open LevelDB database from C:\Users\Hermani.DESKTOP-9GQEH3S\OneDrive - WKVE Telecom\Nova pasta\WhatsBot\tokens\Fechamento\Default\IndexedDB\https_web.whatsapp.com_0.indexeddb.leveldb,IO error: C:\Users\Hermani.DESKTOP-9GQEH3S\OneDrive - WKVE Telecom\Nova pasta\WhatsBot\tokens\Fechamento\Default\IndexedDB\https_web.whatsapp.com_0.indexeddb.leveldb/LOCK: File currently in use. (ChromeMethodBFE: 15::LockFile::2)
[0301/133504.124:ERROR:leveldb_factory.cc(88)] Failed to open LevelDB database from C:\Users\Hermani.DESKTOP-9GQEH3S\OneDrive - WKVE Telecom\Nova pasta\WhatsBot\tokens\Fechamento\Default\IndexedDB\https_web.whatsapp.com_0.indexeddb.leveldb,IO error: C:\Users\Hermani.DESKTOP-9GQEH3S\OneDrive - WKVE Telecom\Nova pasta\WhatsBot\tokens\Fechamento\Default\IndexedDB\https_web.whatsapp.com_0.indexeddb.leveldb/LOCK: File currently in use. (ChromeMethodBFE: 15::LockFile::2)
[0301/133504.917:INFO:CONSOLE(1)] "Store Object 'Identity' was not found", source:  (1)
[0301/133504.918:INFO:CONSOLE(1)] "Store Object 'MediaUpload' was not found", source:  (1)
[0301/133504.918:INFO:CONSOLE(1)] "Store Object 'sendSetGroupSubject' was not found", source:  (1)
[0301/133504.918:INFO:CONSOLE(1)] "Store Object 'sendSetGroupProperty' was not found", source:  (1)
[0301/133504.919:INFO:CONSOLE(1)] "Store Object 'sendSetGroupDescription' was not found", source:  (1)
[0301/133504.920:INFO:CONSOLE(5)] "[object Event]", source: https://web.whatsapp.com/app.9e31a8725d9f2a90915f.js (5)
[0301/133504.921:INFO:CONSOLE(5)] "[object Event]", source: https://web.whatsapp.com/app.9e31a8725d9f2a90915f.js (5)
[0301/133504.921:INFO:CONSOLE(5)] "[object Event]", source: https://web.whatsapp.com/app.9e31a8725d9f2a90915f.js (5)
[0301/133504.922:INFO:CONSOLE(5)] "[object Event]", source: https://web.whatsapp.com/app.9e31a8725d9f2a90915f.js (5)
[0301/133504.923:INFO:CONSOLE(5)] "[object Event]", source: https://web.whatsapp.com/app.9e31a8725d9f2a90915f.js (5)
[0301/133506.188:ERROR:leveldb_factory.cc(88)] Failed to open LevelDB database from C:\Users\Hermani.DESKTOP-9GQEH3S\OneDrive - WKVE Telecom\Nova pasta\WhatsBot\tokens\Fechamento\Default\IndexedDB\https_web.whatsapp.com_0.indexeddb.leveldb,IO error: C:\Users\Hermani.DESKTOP-9GQEH3S\OneDrive - WKVE Telecom\Nova pasta\WhatsBot\tokens\Fechamento\Default\IndexedDB\https_web.whatsapp.com_0.indexeddb.leveldb/LOCK: File currently in use. (ChromeMethodBFE: 15::LockFile::2)
[0301/133508.281:ERROR:leveldb_factory.cc(88)] Failed to open LevelDB database from C:\Users\Hermani.DESKTOP-9GQEH3S\OneDrive - WKVE Telecom\Nova pasta\WhatsBot\tokens\Fechamento\Default\IndexedDB\https_web.whatsapp.com_0.indexeddb.leveldb,IO error: C:\Users\Hermani.DESKTOP-9GQEH3S\OneDrive - WKVE Telecom\Nova pasta\WhatsBot\tokens\Fechamento\Default\IndexedDB\https_web.whatsapp.com_0.indexeddb.leveldb/LOCK: File currently in use. (ChromeMethodBFE: 15::LockFile::2)
[0301/133510.398:ERROR:leveldb_factory.cc(88)] Failed to open LevelDB database from C:\Users\Hermani.DESKTOP-9GQEH3S\OneDrive - WKVE Telecom\Nova pasta\WhatsBot\tokens\Fechamento\Default\IndexedDB\https_web.whatsapp.com_0.indexeddb.leveldb,IO error: C:\Users\Hermani.DESKTOP-9GQEH3S\OneDrive - WKVE Telecom\Nova pasta\WhatsBot\tokens\Fechamento\Default\IndexedDB\https_web.whatsapp.com_0.indexeddb.leveldb/LOCK: File currently in use. (ChromeMethodBFE: 15::LockFile::2)
[0301/133512.573:ERROR:leveldb_factory.cc(88)] Failed to open LevelDB database from C:\Users\Hermani.DESKTOP-9GQEH3S\OneDrive - WKVE Telecom\Nova pasta\WhatsBot\tokens\Fechamento\Default\IndexedDB\https_web.whatsapp.com_0.indexeddb.leveldb,IO error: C:\Users\Hermani.DESKTOP-9GQEH3S\OneDrive - WKVE Telecom\Nova pasta\WhatsBot\tokens\Fechamento\Default\IndexedDB\https_web.whatsapp.com_0.indexeddb.leveldb/LOCK: File currently in use. (ChromeMethodBFE: 15::LockFile::2)
[0301/133514.655:ERROR:leveldb_factory.cc(88)] Failed to open LevelDB database from C:\Users\Hermani.DESKTOP-9GQEH3S\OneDrive - WKVE Telecom\Nova pasta\WhatsBot\tokens\Fechamento\Default\IndexedDB\https_web.whatsapp.com_0.indexeddb.leveldb,IO error: C:\Users\Hermani.DESKTOP-9GQEH3S\OneDrive - WKVE Telecom\Nova pasta\WhatsBot\tokens\Fechamento\Default\IndexedDB\https_web.whatsapp.com_0.indexeddb.leveldb/LOCK: File currently in use. (ChromeMethodBFE: 15::LockFile::2)
[0301/133516.736:ERROR:leveldb_factory.cc(88)] Failed to open LevelDB database from C:\Users\Hermani.DESKTOP-9GQEH3S\OneDrive - WKVE Telecom\Nova pasta\WhatsBot\tokens\Fechamento\Default\IndexedDB\https_web.whatsapp.com_0.indexeddb.leveldb,IO error: C:\Users\Hermani.DESKTOP-9GQEH3S\OneDrive - WKVE Telecom\Nova pasta\WhatsBot\tokens\Fechamento\Default\IndexedDB\https_web.whatsapp.com_0.indexeddb.leveldb/LOCK: File currently in use. (ChromeMethodBFE: 15::LockFile::2)
[0301/133518.836:ERROR:leveldb_factory.cc(88)] Failed to open LevelDB database from C:\Users\Hermani.DESKTOP-9GQEH3S\OneDrive - WKVE Telecom\Nova pasta\WhatsBot\tokens\Fechamento\Default\IndexedDB\https_web.whatsapp.com_0.indexeddb.leveldb,IO error: C:\Users\Hermani.DESKTOP-9GQEH3S\OneDrive - WKVE Telecom\Nova pasta\WhatsBot\tokens\Fechamento\Default\IndexedDB\https_web.whatsapp.com_0.indexeddb.leveldb/LOCK: File currently in use. (ChromeMethodBFE: 15::LockFile::2)
[0301/133519.886:ERROR:sandbox_origin_database.cc(190)] SandboxOriginDatabase failed at: Init@storage\browser\file_system\sandbox_origin_database.cc:94 with error: IO error: C:\Users\Hermani.DESKTOP-9GQEH3S\OneDrive - WKVE Telecom\Nova pasta\WhatsBot\tokens\Fechamento\Default\File System\Origins/LOCK: File currently in use. (ChromeMethodBFE: 15::LockFile::2)
[0301/133519.886:WARNING:sandbox_origin_database.cc(106)] Attempting to repair SandboxOriginDatabase.
[0301/133520.996:ERROR:leveldb_factory.cc(88)] Failed to open LevelDB database from C:\Users\Hermani.DESKTOP-9GQEH3S\OneDrive - WKVE Telecom\Nova pasta\WhatsBot\tokens\Fechamento\Default\IndexedDB\https_web.whatsapp.com_0.indexeddb.leveldb,IO error: C:\Users\Hermani.DESKTOP-9GQEH3S\OneDrive - WKVE Telecom\Nova pasta\WhatsBot\tokens\Fechamento\Default\IndexedDB\https_web.whatsapp.com_0.indexeddb.leveldb/LOCK: File currently in use. (ChromeMethodBFE: 15::LockFile::2)
[0301/133523.022:ERROR:leveldb_factory.cc(88)] Failed to open LevelDB database from C:\Users\Hermani.DESKTOP-9GQEH3S\OneDrive - WKVE Telecom\Nova pasta\WhatsBot\tokens\Fechamento\Default\IndexedDB\https_web.whatsapp.com_0.indexeddb.leveldb,IO error: C:\Users\Hermani.DESKTOP-9GQEH3S\OneDrive - WKVE Telecom\Nova pasta\WhatsBot\tokens\Fechamento\Default\IndexedDB\https_web.whatsapp.com_0.indexeddb.leveldb/LOCK: File currently in use. (ChromeMethodBFE: 15::LockFile::2)
[0301/133524.031:WARNING:sandbox_origin_database.cc(140)] Failed to repair SandboxOriginDatabase.
[0301/133525.147:ERROR:leveldb_factory.cc(88)] Failed to open LevelDB database from C:\Users\Hermani.DESKTOP-9GQEH3S\OneDrive - WKVE Telecom\Nova pasta\WhatsBot\tokens\Fechamento\Default\IndexedDB\https_web.whatsapp.com_0.indexeddb.leveldb,IO error: C:\Users\Hermani.DESKTOP-9GQEH3S\OneDrive - WKVE Telecom\Nova pasta\WhatsBot\tokens\Fechamento\Default\IndexedDB\https_web.whatsapp.com_0.indexeddb.leveldb/LOCK: File currently in use. (ChromeMethodBFE: 15::LockFile::2)
[0301/133526.116:ERROR:sandbox_origin_database.cc(190)] SandboxOriginDatabase failed at: Init@storage\browser\file_system\sandbox_origin_database.cc:94 with error: IO error: C:\Users\Hermani.DESKTOP-9GQEH3S\OneDrive - WKVE Telecom\Nova pasta\WhatsBot\tokens\Fechamento\Default\File System\Origins/LOCK: File currently in use. (ChromeMethodBFE: 15::LockFile::2)
[0301/133526.117:WARNING:sandbox_origin_database.cc(106)] Attempting to repair SandboxOriginDatabase.
[0301/133527.221:ERROR:leveldb_factory.cc(88)] Failed to open LevelDB database from C:\Users\Hermani.DESKTOP-9GQEH3S\OneDrive - WKVE Telecom\Nova pasta\WhatsBot\tokens\Fechamento\Default\IndexedDB\https_web.whatsapp.com_0.indexeddb.leveldb,IO error: C:\Users\Hermani.DESKTOP-9GQEH3S\OneDrive - WKVE Telecom\Nova pasta\WhatsBot\tokens\Fechamento\Default\IndexedDB\https_web.whatsapp.com_0.indexeddb.leveldb/LOCK: File currently in use. (ChromeMethodBFE: 15::LockFile::2)
[0301/133529.340:ERROR:leveldb_factory.cc(88)] Failed to open LevelDB database from C:\Users\Hermani.DESKTOP-9GQEH3S\OneDrive - WKVE Telecom\Nova pasta\WhatsBot\tokens\Fechamento\Default\IndexedDB\https_web.whatsapp.com_0.indexeddb.leveldb,IO error: C:\Users\Hermani.DESKTOP-9GQEH3S\OneDrive - WKVE Telecom\Nova pasta\WhatsBot\tokens\Fechamento\Default\IndexedDB\https_web.whatsapp.com_0.indexeddb.leveldb/LOCK: File currently in use. (ChromeMethodBFE: 15::LockFile::2)
[0301/133530.280:WARNING:sandbox_origin_database.cc(140)] Failed to repair SandboxOriginDatabase.
[0301/133531.383:ERROR:leveldb_factory.cc(88)] Failed to open LevelDB database from C:\Users\Hermani.DESKTOP-9GQEH3S\OneDrive - WKVE Telecom\Nova pasta\WhatsBot\tokens\Fechamento\Default\IndexedDB\https_web.whatsapp.com_0.indexeddb.leveldb,IO error: C:\Users\Hermani.DESKTOP-9GQEH3S\OneDrive - WKVE Telecom\Nova pasta\WhatsBot\tokens\Fechamento\Default\IndexedDB\https_web.whatsapp.com_0.indexeddb.leveldb/LOCK: File currently in use. (ChromeMethodBFE: 15::LockFile::2)
[0301/133532.354:ERROR:sandbox_origin_database.cc(190)] SandboxOriginDatabase failed at: Init@storage\browser\file_system\sandbox_origin_database.cc:94 with error: IO error: C:\Users\Hermani.DESKTOP-9GQEH3S\OneDrive - WKVE Telecom\Nova pasta\WhatsBot\tokens\Fechamento\Default\File System\Origins/LOCK: File currently in use. (ChromeMethodBFE: 15::LockFile::2)
[0301/133532.354:WARNING:sandbox_origin_database.cc(106)] Attempting to repair SandboxOriginDatabase.
[0301/133533.535:ERROR:leveldb_factory.cc(88)] Failed to open LevelDB database from C:\Users\Hermani.DESKTOP-9GQEH3S\OneDrive - WKVE Telecom\Nova pasta\WhatsBot\tokens\Fechamento\Default\IndexedDB\https_web.whatsapp.com_0.indexeddb.leveldb,IO error: C:\Users\Hermani.DESKTOP-9GQEH3S\OneDrive - WKVE Telecom\Nova pasta\WhatsBot\tokens\Fechamento\Default\IndexedDB\https_web.whatsapp.com_0.indexeddb.leveldb/LOCK: File currently in use. (ChromeMethodBFE: 15::LockFile::2)
[0301/133535.579:ERROR:leveldb_factory.cc(88)] Failed to open LevelDB database from C:\Users\Hermani.DESKTOP-9GQEH3S\OneDrive - WKVE Telecom\Nova pasta\WhatsBot\tokens\Fechamento\Default\IndexedDB\https_web.whatsapp.com_0.indexeddb.leveldb,IO error: C:\Users\Hermani.DESKTOP-9GQEH3S\OneDrive - WKVE Telecom\Nova pasta\WhatsBot\tokens\Fechamento\Default\IndexedDB\https_web.whatsapp.com_0.indexeddb.leveldb/LOCK: File currently in use. (ChromeMethodBFE: 15::LockFile::2)
[0301/133536.435:WARNING:sandbox_origin_database.cc(140)] Failed to repair SandboxOriginDatabase.
[0301/133537.651:ERROR:leveldb_factory.cc(88)] Failed to open LevelDB database from C:\Users\Hermani.DESKTOP-9GQEH3S\OneDrive - WKVE Telecom\Nova pasta\WhatsBot\tokens\Fechamento\Default\IndexedDB\https_web.whatsapp.com_0.indexeddb.leveldb,IO error: C:\Users\Hermani.DESKTOP-9GQEH3S\OneDrive - WKVE Telecom\Nova pasta\WhatsBot\tokens\Fechamento\Default\IndexedDB\https_web.whatsapp.com_0.indexeddb.leveldb/LOCK: File currently in use. (ChromeMethodBFE: 15::LockFile::2)
[0301/133538.550:ERROR:sandbox_origin_database.cc(190)] SandboxOriginDatabase failed at: Init@storage\browser\file_system\sandbox_origin_database.cc:94 with error: IO error: C:\Users\Hermani.DESKTOP-9GQEH3S\OneDrive - WKVE Telecom\Nova pasta\WhatsBot\tokens\Fechamento\Default\File System\Origins/LOCK: File currently in use. (ChromeMethodBFE: 15::LockFile::2)
[0301/133538.550:WARNING:sandbox_origin_database.cc(106)] Attempting to repair SandboxOriginDatabase.
[0301/133539.694:ERROR:leveldb_factory.cc(88)] Failed to open LevelDB database from C:\Users\Hermani.DESKTOP-9GQEH3S\OneDrive - WKVE Telecom\Nova pasta\WhatsBot\tokens\Fechamento\Default\IndexedDB\https_web.whatsapp.com_0.indexeddb.leveldb,IO error: C:\Users\Hermani.DESKTOP-9GQEH3S\OneDrive - WKVE Telecom\Nova pasta\WhatsBot\tokens\Fechamento\Default\IndexedDB\https_web.whatsapp.com_0.indexeddb.leveldb/LOCK: File currently in use. (ChromeMethodBFE: 15::LockFile::2)
[0301/133541.770:ERROR:leveldb_factory.cc(88)] Failed to open LevelDB database from C:\Users\Hermani.DESKTOP-9GQEH3S\OneDrive - WKVE Telecom\Nova pasta\WhatsBot\tokens\Fechamento\Default\IndexedDB\https_web.whatsapp.com_0.indexeddb.leveldb,IO error: C:\Users\Hermani.DESKTOP-9GQEH3S\OneDrive - WKVE Telecom\Nova pasta\WhatsBot\tokens\Fechamento\Default\IndexedDB\https_web.whatsapp.com_0.indexeddb.leveldb/LOCK: File currently in use. (ChromeMethodBFE: 15::LockFile::2)
[0301/133542.652:WARNING:sandbox_origin_database.cc(140)] Failed to repair SandboxOriginDatabase.
[0301/133542.999:INFO:CONSOLE(1)] "Store Object 'Identity' was not found", source:  (1)
[0301/133542.999:INFO:CONSOLE(1)] "Store Object 'MediaUpload' was not found", source:  (1)
[0301/133543.000:INFO:CONSOLE(1)] "Store Object 'sendSetGroupSubject' was not found", source:  (1)
[0301/133543.001:INFO:CONSOLE(1)] "Store Object 'sendSetGroupProperty' was not found", source:  (1)
[0301/133543.002:INFO:CONSOLE(1)] "Store Object 'sendSetGroupDescription' was not found", source:  (1)
[0301/133543.004:INFO:CONSOLE(5)] "[object Event]", source: https://web.whatsapp.com/app.9e31a8725d9f2a90915f.js (5)
[0301/133543.005:INFO:CONSOLE(5)] "[object Event]", source: https://web.whatsapp.com/app.9e31a8725d9f2a90915f.js (5)
[0301/133543.006:INFO:CONSOLE(5)] "[object Event]", source: https://web.whatsapp.com/app.9e31a8725d9f2a90915f.js (5)
[0301/133543.011:INFO:CONSOLE(5)] "[object Event]", source: https://web.whatsapp.com/app.9e31a8725d9f2a90915f.js (5)
[0301/133543.012:INFO:CONSOLE(5)] "[object Event]", source: https://web.whatsapp.com/app.9e31a8725d9f2a90915f.js (5)
[0301/133543.865:ERROR:leveldb_factory.cc(88)] Failed to open LevelDB database from C:\Users\Hermani.DESKTOP-9GQEH3S\OneDrive - WKVE Telecom\Nova pasta\WhatsBot\tokens\Fechamento\Default\IndexedDB\https_web.whatsapp.com_0.indexeddb.leveldb,IO error: C:\Users\Hermani.DESKTOP-9GQEH3S\OneDrive - WKVE Telecom\Nova pasta\WhatsBot\tokens\Fechamento\Default\IndexedDB\https_web.whatsapp.com_0.indexeddb.leveldb/LOCK: File currently in use. (ChromeMethodBFE: 15::LockFile::2)
[0301/133545.939:ERROR:leveldb_factory.cc(88)] Failed to open LevelDB database from C:\Users\Hermani.DESKTOP-9GQEH3S\OneDrive - WKVE Telecom\Nova pasta\WhatsBot\tokens\Fechamento\Default\IndexedDB\https_web.whatsapp.com_0.indexeddb.leveldb,IO error: C:\Users\Hermani.DESKTOP-9GQEH3S\OneDrive - WKVE Telecom\Nova pasta\WhatsBot\tokens\Fechamento\Default\IndexedDB\https_web.whatsapp.com_0.indexeddb.leveldb/LOCK: File currently in use. (ChromeMethodBFE: 15::LockFile::2)
[0301/133548.052:ERROR:leveldb_factory.cc(88)] Failed to open LevelDB database from C:\Users\Hermani.DESKTOP-9GQEH3S\OneDrive - WKVE Telecom\Nova pasta\WhatsBot\tokens\Fechamento\Default\IndexedDB\https_web.whatsapp.com_0.indexeddb.leveldb,IO error: C:\Users\Hermani.DESKTOP-9GQEH3S\OneDrive - WKVE Telecom\Nova pasta\WhatsBot\tokens\Fechamento\Default\IndexedDB\https_web.whatsapp.com_0.indexeddb.leveldb/LOCK: File currently in use. (ChromeMethodBFE: 15::LockFile::2)
[0301/133550.170:ERROR:leveldb_factory.cc(88)] Failed to open LevelDB database from C:\Users\Hermani.DESKTOP-9GQEH3S\OneDrive - WKVE Telecom\Nova pasta\WhatsBot\tokens\Fechamento\Default\IndexedDB\https_web.whatsapp.com_0.indexeddb.leveldb,IO error: C:\Users\Hermani.DESKTOP-9GQEH3S\OneDrive - WKVE Telecom\Nova pasta\WhatsBot\tokens\Fechamento\Default\IndexedDB\https_web.whatsapp.com_0.indexeddb.leveldb/LOCK: File currently in use. (ChromeMethodBFE: 15::LockFile::2)
[0301/133552.314:ERROR:leveldb_factory.cc(88)] Failed to open LevelDB database from C:\Users\Hermani.DESKTOP-9GQEH3S\OneDrive - WKVE Telecom\Nova pasta\WhatsBot\tokens\Fechamento\Default\IndexedDB\https_web.whatsapp.com_0.indexeddb.leveldb,IO error: C:\Users\Hermani.DESKTOP-9GQEH3S\OneDrive - WKVE Telecom\Nova pasta\WhatsBot\tokens\Fechamento\Default\IndexedDB\https_web.whatsapp.com_0.indexeddb.leveldb/LOCK: File currently in use. (ChromeMethodBFE: 15::LockFile::2)
[0301/133554.419:ERROR:leveldb_factory.cc(88)] Failed to open LevelDB database from C:\Users\Hermani.DESKTOP-9GQEH3S\OneDrive - WKVE Telecom\Nova pasta\WhatsBot\tokens\Fechamento\Default\IndexedDB\https_web.whatsapp.com_0.indexeddb.leveldb,IO error: C:\Users\Hermani.DESKTOP-9GQEH3S\OneDrive - WKVE Telecom\Nova pasta\WhatsBot\tokens\Fechamento\Default\IndexedDB\https_web.whatsapp.com_0.indexeddb.leveldb/LOCK: File currently in use. (ChromeMethodBFE: 15::LockFile::2)
[0301/133556.526:ERROR:leveldb_factory.cc(88)] Failed to open LevelDB database from C:\Users\Hermani.DESKTOP-9GQEH3S\OneDrive - WKVE Telecom\Nova pasta\WhatsBot\tokens\Fechamento\Default\IndexedDB\https_web.whatsapp.com_0.indexeddb.leveldb,IO error: C:\Users\Hermani.DESKTOP-9GQEH3S\OneDrive - WKVE Telecom\Nova pasta\WhatsBot\tokens\Fechamento\Default\IndexedDB\https_web.whatsapp.com_0.indexeddb.leveldb/LOCK: File currently in use. (ChromeMethodBFE: 15::LockFile::2)
[0301/133558.633:ERROR:leveldb_factory.cc(88)] Failed to open LevelDB database from C:\Users\Hermani.DESKTOP-9GQEH3S\OneDrive - WKVE Telecom\Nova pasta\WhatsBot\tokens\Fechamento\Default\IndexedDB\https_web.whatsapp.com_0.indexeddb.leveldb,IO error: C:\Users\Hermani.DESKTOP-9GQEH3S\OneDrive - WKVE Telecom\Nova pasta\WhatsBot\tokens\Fechamento\Default\IndexedDB\https_web.whatsapp.com_0.indexeddb.leveldb/LOCK: File currently in use. (ChromeMethodBFE: 15::LockFile::2)
[0301/133600.718:ERROR:leveldb_factory.cc(88)] Failed to open LevelDB database from C:\Users\Hermani.DESKTOP-9GQEH3S\OneDrive - WKVE Telecom\Nova pasta\WhatsBot\tokens\Fechamento\Default\IndexedDB\https_web.whatsapp.com_0.indexeddb.leveldb,IO error: C:\Users\Hermani.DESKTOP-9GQEH3S\OneDrive - WKVE Telecom\Nova pasta\WhatsBot\tokens\Fechamento\Default\IndexedDB\https_web.whatsapp.com_0.indexeddb.leveldb/LOCK: File currently in use. (ChromeMethodBFE: 15::LockFile::2)
[0301/133602.936:ERROR:leveldb_factory.cc(88)] Failed to open LevelDB database from C:\Users\Hermani.DESKTOP-9GQEH3S\OneDrive - WKVE Telecom\Nova pasta\WhatsBot\tokens\Fechamento\Default\IndexedDB\https_web.whatsapp.com_0.indexeddb.leveldb,IO error: C:\Users\Hermani.DESKTOP-9GQEH3S\OneDrive - WKVE Telecom\Nova pasta\WhatsBot\tokens\Fechamento\Default\IndexedDB\https_web.whatsapp.com_0.indexeddb.leveldb/LOCK: File currently in use. (ChromeMethodBFE: 15::LockFile::2)
[0301/133605.028:ERROR:leveldb_factory.cc(88)] Failed to open LevelDB database from C:\Users\Hermani.DESKTOP-9GQEH3S\OneDrive - WKVE Telecom\Nova pasta\WhatsBot\tokens\Fechamento\Default\IndexedDB\https_web.whatsapp.com_0.indexeddb.leveldb,IO error: C:\Users\Hermani.DESKTOP-9GQEH3S\OneDrive - WKVE Telecom\Nova pasta\WhatsBot\tokens\Fechamento\Default\IndexedDB\https_web.whatsapp.com_0.indexeddb.leveldb/LOCK: File currently in use. (ChromeMethodBFE: 15::LockFile::2)
[0301/133608.584:ERROR:leveldb_factory.cc(88)] Failed to open LevelDB database from C:\Users\Hermani.DESKTOP-9GQEH3S\OneDrive - WKVE Telecom\Nova pasta\WhatsBot\tokens\Fechamento\Default\IndexedDB\https_web.whatsapp.com_0.indexeddb.leveldb,IO error: C:\Users\Hermani.DESKTOP-9GQEH3S\OneDrive - WKVE Telecom\Nova pasta\WhatsBot\tokens\Fechamento\Default\IndexedDB\https_web.whatsapp.com_0.indexeddb.leveldb/LOCK: File currently in use. (ChromeMethodBFE: 15::LockFile::2)
[0301/133610.730:ERROR:leveldb_factory.cc(88)] Failed to open LevelDB database from C:\Users\Hermani.DESKTOP-9GQEH3S\OneDrive - WKVE Telecom\Nova pasta\WhatsBot\tokens\Fechamento\Default\IndexedDB\https_web.whatsapp.com_0.indexeddb.leveldb,IO error: C:\Users\Hermani.DESKTOP-9GQEH3S\OneDrive - WKVE Telecom\Nova pasta\WhatsBot\tokens\Fechamento\Default\IndexedDB\https_web.whatsapp.com_0.indexeddb.leveldb/LOCK: File currently in use. (ChromeMethodBFE: 15::LockFile::2)
[0301/133612.979:ERROR:leveldb_factory.cc(88)] Failed to open LevelDB database from C:\Users\Hermani.DESKTOP-9GQEH3S\OneDrive - WKVE Telecom\Nova pasta\WhatsBot\tokens\Fechamento\Default\IndexedDB\https_web.whatsapp.com_0.indexeddb.leveldb,IO error: C:\Users\Hermani.DESKTOP-9GQEH3S\OneDrive - WKVE Telecom\Nova pasta\WhatsBot\tokens\Fechamento\Default\IndexedDB\https_web.whatsapp.com_0.indexeddb.leveldb/LOCK: File currently in use. (ChromeMethodBFE: 15::LockFile::2)
[0301/133615.067:ERROR:leveldb_factory.cc(88)] Failed to open LevelDB database from C:\Users\Hermani.DESKTOP-9GQEH3S\OneDrive - WKVE Telecom\Nova pasta\WhatsBot\tokens\Fechamento\Default\IndexedDB\https_web.whatsapp.com_0.indexeddb.leveldb,IO error: C:\Users\Hermani.DESKTOP-9GQEH3S\OneDrive - WKVE Telecom\Nova pasta\WhatsBot\tokens\Fechamento\Default\IndexedDB\https_web.whatsapp.com_0.indexeddb.leveldb/LOCK: File currently in use. (ChromeMethodBFE: 15::LockFile::2)
[0301/133617.188:ERROR:leveldb_factory.cc(88)] Failed to open LevelDB database from C:\Users\Hermani.DESKTOP-9GQEH3S\OneDrive - WKVE Telecom\Nova pasta\WhatsBot\tokens\Fechamento\Default\IndexedDB\https_web.whatsapp.com_0.indexeddb.leveldb,IO error: C:\Users\Hermani.DESKTOP-9GQEH3S\OneDrive - WKVE Telecom\Nova pasta\WhatsBot\tokens\Fechamento\Default\IndexedDB\https_web.whatsapp.com_0.indexeddb.leveldb/LOCK: File currently in use. (ChromeMethodBFE: 15::LockFile::2)
[0301/133619.267:ERROR:leveldb_factory.cc(88)] Failed to open LevelDB database from C:\Users\Hermani.DESKTOP-9GQEH3S\OneDrive - WKVE Telecom\Nova pasta\WhatsBot\tokens\Fechamento\Default\IndexedDB\https_web.whatsapp.com_0.indexeddb.leveldb,IO error: C:\Users\Hermani.DESKTOP-9GQEH3S\OneDrive - WKVE Telecom\Nova pasta\WhatsBot\tokens\Fechamento\Default\IndexedDB\https_web.whatsapp.com_0.indexeddb.leveldb/LOCK: File currently in use. (ChromeMethodBFE: 15::LockFile::2)
[0301/133621.333:ERROR:leveldb_factory.cc(88)] Failed to open LevelDB database from C:\Users\Hermani.DESKTOP-9GQEH3S\OneDrive - WKVE Telecom\Nova pasta\WhatsBot\tokens\Fechamento\Default\IndexedDB\https_web.whatsapp.com_0.indexeddb.leveldb,IO error: C:\Users\Hermani.DESKTOP-9GQEH3S\OneDrive - WKVE Telecom\Nova pasta\WhatsBot\tokens\Fechamento\Default\IndexedDB\https_web.whatsapp.com_0.indexeddb.leveldb/LOCK: File currently in use. (ChromeMethodBFE: 15::LockFile::2)
[0301/133623.404:ERROR:leveldb_factory.cc(88)] Failed to open LevelDB database from C:\Users\Hermani.DESKTOP-9GQEH3S\OneDrive - WKVE Telecom\Nova pasta\WhatsBot\tokens\Fechamento\Default\IndexedDB\https_web.whatsapp.com_0.indexeddb.leveldb,IO error: C:\Users\Hermani.DESKTOP-9GQEH3S\OneDrive - WKVE Telecom\Nova pasta\WhatsBot\tokens\Fechamento\Default\IndexedDB\https_web.whatsapp.com_0.indexeddb.leveldb/LOCK: File currently in use. (ChromeMethodBFE: 15::LockFile::2)
[0301/133629.400:ERROR:leveldb_factory.cc(88)] Failed to open LevelDB database from C:\Users\Hermani.DESKTOP-9GQEH3S\OneDrive - WKVE Telecom\Nova pasta\WhatsBot\tokens\Fechamento\Default\IndexedDB\https_web.whatsapp.com_0.indexeddb.leveldb,IO error: C:\Users\Hermani.DESKTOP-9GQEH3S\OneDrive - WKVE Telecom\Nova pasta\WhatsBot\tokens\Fechamento\Default\IndexedDB\https_web.whatsapp.com_0.indexeddb.leveldb/LOCK: File currently in use. (ChromeMethodBFE: 15::LockFile::2)
[0301/133631.537:ERROR:leveldb_factory.cc(88)] Failed to open LevelDB database from C:\Users\Hermani.DESKTOP-9GQEH3S\OneDrive - WKVE Telecom\Nova pasta\WhatsBot\tokens\Fechamento\Default\IndexedDB\https_web.whatsapp.com_0.indexeddb.leveldb,IO error: C:\Users\Hermani.DESKTOP-9GQEH3S\OneDrive - WKVE Telecom\Nova pasta\WhatsBot\tokens\Fechamento\Default\IndexedDB\https_web.whatsapp.com_0.indexeddb.leveldb/LOCK: File currently in use. (ChromeMethodBFE: 15::LockFile::2)
[0301/133633.668:ERROR:leveldb_factory.cc(88)] Failed to open LevelDB database from C:\Users\Hermani.DESKTOP-9GQEH3S\OneDrive - WKVE Telecom\Nova pasta\WhatsBot\tokens\Fechamento\Default\IndexedDB\https_web.whatsapp.com_0.indexeddb.leveldb,IO error: C:\Users\Hermani.DESKTOP-9GQEH3S\OneDrive - WKVE Telecom\Nova pasta\WhatsBot\tokens\Fechamento\Default\IndexedDB\https_web.whatsapp.com_0.indexeddb.leveldb/LOCK: File currently in use. (ChromeMethodBFE: 15::LockFile::2)
[0301/133635.733:ERROR:leveldb_factory.cc(88)] Failed to open LevelDB database from C:\Users\Hermani.DESKTOP-9GQEH3S\OneDrive - WKVE Telecom\Nova pasta\WhatsBot\tokens\Fechamento\Default\IndexedDB\https_web.whatsapp.com_0.indexeddb.leveldb,IO error: C:\Users\Hermani.DESKTOP-9GQEH3S\OneDrive - WKVE Telecom\Nova pasta\WhatsBot\tokens\Fechamento\Default\IndexedDB\https_web.whatsapp.com_0.indexeddb.leveldb/LOCK: File currently in use. (ChromeMethodBFE: 15::LockFile::2)
[0301/133637.829:ERROR:leveldb_factory.cc(88)] Failed to open LevelDB database from C:\Users\Hermani.DESKTOP-9GQEH3S\OneDrive - WKVE Telecom\Nova pasta\WhatsBot\tokens\Fechamento\Default\IndexedDB\https_web.whatsapp.com_0.indexeddb.leveldb,IO error: C:\Users\Hermani.DESKTOP-9GQEH3S\OneDrive - WKVE Telecom\Nova pasta\WhatsBot\tokens\Fechamento\Default\IndexedDB\https_web.whatsapp.com_0.indexeddb.leveldb/LOCK: File currently in use. (ChromeMethodBFE: 15::LockFile::2)
[0301/133639.913:ERROR:leveldb_factory.cc(88)] Failed to open LevelDB database from C:\Users\Hermani.DESKTOP-9GQEH3S\OneDrive - WKVE Telecom\Nova pasta\WhatsBot\tokens\Fechamento\Default\IndexedDB\https_web.whatsapp.com_0.indexeddb.leveldb,IO error: C:\Users\Hermani.DESKTOP-9GQEH3S\OneDrive - WKVE Telecom\Nova pasta\WhatsBot\tokens\Fechamento\Default\IndexedDB\https_web.whatsapp.com_0.indexeddb.leveldb/LOCK: File currently in use. (ChromeMethodBFE: 15::LockFile::2)
[0301/133641.967:ERROR:leveldb_factory.cc(88)] Failed to open LevelDB database from C:\Users\Hermani.DESKTOP-9GQEH3S\OneDrive - WKVE Telecom\Nova pasta\WhatsBot\tokens\Fechamento\Default\IndexedDB\https_web.whatsapp.com_0.indexeddb.leveldb,IO error: C:\Users\Hermani.DESKTOP-9GQEH3S\OneDrive - WKVE Telecom\Nova pasta\WhatsBot\tokens\Fechamento\Default\IndexedDB\https_web.whatsapp.com_0.indexeddb.leveldb/LOCK: File currently in use. (ChromeMethodBFE: 15::LockFile::2)
[0301/133644.095:ERROR:leveldb_factory.cc(88)] Failed to open LevelDB database from C:\Users\Hermani.DESKTOP-9GQEH3S\OneDrive - WKVE Telecom\Nova pasta\WhatsBot\tokens\Fechamento\Default\IndexedDB\https_web.whatsapp.com_0.indexeddb.leveldb,IO error: C:\Users\Hermani.DESKTOP-9GQEH3S\OneDrive - WKVE Telecom\Nova pasta\WhatsBot\tokens\Fechamento\Default\IndexedDB\https_web.whatsapp.com_0.indexeddb.leveldb/LOCK: File currently in use. (ChromeMethodBFE: 15::LockFile::2)
[0301/133646.268:ERROR:leveldb_factory.cc(88)] Failed to open LevelDB database from C:\Users\Hermani.DESKTOP-9GQEH3S\OneDrive - WKVE Telecom\Nova pasta\WhatsBot\tokens\Fechamento\Default\IndexedDB\https_web.whatsapp.com_0.indexeddb.leveldb,IO error: C:\Users\Hermani.DESKTOP-9GQEH3S\OneDrive - WKVE Telecom\Nova pasta\WhatsBot\tokens\Fechamento\Default\IndexedDB\https_web.whatsapp.com_0.indexeddb.leveldb/LOCK: File currently in use. (ChromeMethodBFE: 15::LockFile::2)
[0301/133648.329:ERROR:leveldb_factory.cc(88)] Failed to open LevelDB database from C:\Users\Hermani.DESKTOP-9GQEH3S\OneDrive - WKVE Telecom\Nova pasta\WhatsBot\tokens\Fechamento\Default\IndexedDB\https_web.whatsapp.com_0.indexeddb.leveldb,IO error: C:\Users\Hermani.DESKTOP-9GQEH3S\OneDrive - WKVE Telecom\Nova pasta\WhatsBot\tokens\Fechamento\Default\IndexedDB\https_web.whatsapp.com_0.indexeddb.leveldb/LOCK: File currently in use. (ChromeMethodBFE: 15::LockFile::2)
[0301/133650.402:ERROR:leveldb_factory.cc(88)] Failed to open LevelDB database from C:\Users\Hermani.DESKTOP-9GQEH3S\OneDrive - WKVE Telecom\Nova pasta\WhatsBot\tokens\Fechamento\Default\IndexedDB\https_web.whatsapp.com_0.indexeddb.leveldb,IO error: C:\Users\Hermani.DESKTOP-9GQEH3S\OneDrive - WKVE Telecom\Nova pasta\WhatsBot\tokens\Fechamento\Default\IndexedDB\https_web.whatsapp.com_0.indexeddb.leveldb/LOCK: File currently in use. (ChromeMethodBFE: 15::LockFile::2)
[0301/133652.580:ERROR:leveldb_factory.cc(88)] Failed to open LevelDB database from C:\Users\Hermani.DESKTOP-9GQEH3S\OneDrive - WKVE Telecom\Nova pasta\WhatsBot\tokens\Fechamento\Default\IndexedDB\https_web.whatsapp.com_0.indexeddb.leveldb,IO error: C:\Users\Hermani.DESKTOP-9GQEH3S\OneDrive - WKVE Telecom\Nova pasta\WhatsBot\tokens\Fechamento\Default\IndexedDB\https_web.whatsapp.com_0.indexeddb.leveldb/LOCK: File currently in use. (ChromeMethodBFE: 15::LockFile::2)
[0301/133652.855:INFO:CONSOLE(5)] "[object Event]", source: https://web.whatsapp.com/app.9e31a8725d9f2a90915f.js (5)
[0301/133654.660:ERROR:leveldb_factory.cc(88)] Failed to open LevelDB database from C:\Users\Hermani.DESKTOP-9GQEH3S\OneDrive - WKVE Telecom\Nova pasta\WhatsBot\tokens\Fechamento\Default\IndexedDB\https_web.whatsapp.com_0.indexeddb.leveldb,IO error: C:\Users\Hermani.DESKTOP-9GQEH3S\OneDrive - WKVE Telecom\Nova pasta\WhatsBot\tokens\Fechamento\Default\IndexedDB\https_web.whatsapp.com_0.indexeddb.leveldb/LOCK: File currently in use. (ChromeMethodBFE: 15::LockFile::2)
[0301/133656.701:ERROR:leveldb_factory.cc(88)] Failed to open LevelDB database from C:\Users\Hermani.DESKTOP-9GQEH3S\OneDrive - WKVE Telecom\Nova pasta\WhatsBot\tokens\Fechamento\Default\IndexedDB\https_web.whatsapp.com_0.indexeddb.leveldb,IO error: C:\Users\Hermani.DESKTOP-9GQEH3S\OneDrive - WKVE Telecom\Nova pasta\WhatsBot\tokens\Fechamento\Default\IndexedDB\https_web.whatsapp.com_0.indexeddb.leveldb/LOCK: File currently in use. (ChromeMethodBFE: 15::LockFile::2)
[0301/133657.994:INFO:CONSOLE(5)] "[object Event]", source: https://web.whatsapp.com/app.9e31a8725d9f2a90915f.js (5)
[0301/133658.795:ERROR:leveldb_factory.cc(88)] Failed to open LevelDB database from C:\Users\Hermani.DESKTOP-9GQEH3S\OneDrive - WKVE Telecom\Nova pasta\WhatsBot\tokens\Fechamento\Default\IndexedDB\https_web.whatsapp.com_0.indexeddb.leveldb,IO error: C:\Users\Hermani.DESKTOP-9GQEH3S\OneDrive - WKVE Telecom\Nova pasta\WhatsBot\tokens\Fechamento\Default\IndexedDB\https_web.whatsapp.com_0.indexeddb.leveldb/LOCK: File currently in use. (ChromeMethodBFE: 15::LockFile::2)
[0301/133700.849:ERROR:leveldb_factory.cc(88)] Failed to open LevelDB database from C:\Users\Hermani.DESKTOP-9GQEH3S\OneDrive - WKVE Telecom\Nova pasta\WhatsBot\tokens\Fechamento\Default\IndexedDB\https_web.whatsapp.com_0.indexeddb.leveldb,IO error: C:\Users\Hermani.DESKTOP-9GQEH3S\OneDrive - WKVE Telecom\Nova pasta\WhatsBot\tokens\Fechamento\Default\IndexedDB\https_web.whatsapp.com_0.indexeddb.leveldb/LOCK: File currently in use. (ChromeMethodBFE: 15::LockFile::2)
[0301/133701.106:INFO:CONSOLE(5)] "[object Event]", source: https://web.whatsapp.com/app.9e31a8725d9f2a90915f.js (5)
[0301/133702.931:ERROR:leveldb_factory.cc(88)] Failed to open LevelDB database from C:\Users\Hermani.DESKTOP-9GQEH3S\OneDrive - WKVE Telecom\Nova pasta\WhatsBot\tokens\Fechamento\Default\IndexedDB\https_web.whatsapp.com_0.indexeddb.leveldb,IO error: C:\Users\Hermani.DESKTOP-9GQEH3S\OneDrive - WKVE Telecom\Nova pasta\WhatsBot\tokens\Fechamento\Default\IndexedDB\https_web.whatsapp.com_0.indexeddb.leveldb/LOCK: File currently in use. (ChromeMethodBFE: 15::LockFile::2)
[0301/133705.151:ERROR:leveldb_factory.cc(88)] Failed to open LevelDB database from C:\Users\Hermani.DESKTOP-9GQEH3S\OneDrive - WKVE Telecom\Nova pasta\WhatsBot\tokens\Fechamento\Default\IndexedDB\https_web.whatsapp.com_0.indexeddb.leveldb,IO error: C:\Users\Hermani.DESKTOP-9GQEH3S\OneDrive - WKVE Telecom\Nova pasta\WhatsBot\tokens\Fechamento\Default\IndexedDB\https_web.whatsapp.com_0.indexeddb.leveldb/LOCK: File currently in use. (ChromeMethodBFE: 15::LockFile::2)
[0301/133707.313:ERROR:leveldb_factory.cc(88)] Failed to open LevelDB database from C:\Users\Hermani.DESKTOP-9GQEH3S\OneDrive - WKVE Telecom\Nova pasta\WhatsBot\tokens\Fechamento\Default\IndexedDB\https_web.whatsapp.com_0.indexeddb.leveldb,IO error: C:\Users\Hermani.DESKTOP-9GQEH3S\OneDrive - WKVE Telecom\Nova pasta\WhatsBot\tokens\Fechamento\Default\IndexedDB\https_web.whatsapp.com_0.indexeddb.leveldb/LOCK: File currently in use. (ChromeMethodBFE: 15::LockFile::2)
[0301/133709.367:ERROR:leveldb_factory.cc(88)] Failed to open LevelDB database from C:\Users\Hermani.DESKTOP-9GQEH3S\OneDrive - WKVE Telecom\Nova pasta\WhatsBot\tokens\Fechamento\Default\IndexedDB\https_web.whatsapp.com_0.indexeddb.leveldb,IO error: C:\Users\Hermani.DESKTOP-9GQEH3S\OneDrive - WKVE Telecom\Nova pasta\WhatsBot\tokens\Fechamento\Default\IndexedDB\https_web.whatsapp.com_0.indexeddb.leveldb/LOCK: File currently in use. (ChromeMethodBFE: 15::LockFile::2)
[0301/133711.547:ERROR:leveldb_factory.cc(88)] Failed to open LevelDB database from C:\Users\Hermani.DESKTOP-9GQEH3S\OneDrive - WKVE Telecom\Nova pasta\WhatsBot\tokens\Fechamento\Default\IndexedDB\https_web.whatsapp.com_0.indexeddb.leveldb,IO error: C:\Users\Hermani.DESKTOP-9GQEH3S\OneDrive - WKVE Telecom\Nova pasta\WhatsBot\tokens\Fechamento\Default\IndexedDB\https_web.whatsapp.com_0.indexeddb.leveldb/LOCK: File currently in use. (ChromeMethodBFE: 15::LockFile::2)
[0301/133713.717:ERROR:leveldb_factory.cc(88)] Failed to open LevelDB database from C:\Users\Hermani.DESKTOP-9GQEH3S\OneDrive - WKVE Telecom\Nova pasta\WhatsBot\tokens\Fechamento\Default\IndexedDB\https_web.whatsapp.com_0.indexeddb.leveldb,IO error: C:\Users\Hermani.DESKTOP-9GQEH3S\OneDrive - WKVE Telecom\Nova pasta\WhatsBot\tokens\Fechamento\Default\IndexedDB\https_web.whatsapp.com_0.indexeddb.leveldb/LOCK: File currently in use. (ChromeMethodBFE: 15::LockFile::2)
[0301/133715.763:ERROR:leveldb_factory.cc(88)] Failed to open LevelDB database from C:\Users\Hermani.DESKTOP-9GQEH3S\OneDrive - WKVE Telecom\Nova pasta\WhatsBot\tokens\Fechamento\Default\IndexedDB\https_web.whatsapp.com_0.indexeddb.leveldb,IO error: C:\Users\Hermani.DESKTOP-9GQEH3S\OneDrive - WKVE Telecom\Nova pasta\WhatsBot\tokens\Fechamento\Default\IndexedDB\https_web.whatsapp.com_0.indexeddb.leveldb/LOCK: File currently in use. (ChromeMethodBFE: 15::LockFile::2)
[0301/133717.964:ERROR:leveldb_factory.cc(88)] Failed to open LevelDB database from C:\Users\Hermani.DESKTOP-9GQEH3S\OneDrive - WKVE Telecom\Nova pasta\WhatsBot\tokens\Fechamento\Default\IndexedDB\https_web.whatsapp.com_0.indexeddb.leveldb,IO error: C:\Users\Hermani.DESKTOP-9GQEH3S\OneDrive - WKVE Telecom\Nova pasta\WhatsBot\tokens\Fechamento\Default\IndexedDB\https_web.whatsapp.com_0.indexeddb.leveldb/LOCK: File currently in use. (ChromeMethodBFE: 15::LockFile::2)
[0301/133720.098:ERROR:leveldb_factory.cc(88)] Failed to open LevelDB database from C:\Users\Hermani.DESKTOP-9GQEH3S\OneDrive - WKVE Telecom\Nova pasta\WhatsBot\tokens\Fechamento\Default\IndexedDB\https_web.whatsapp.com_0.indexeddb.leveldb,IO error: C:\Users\Hermani.DESKTOP-9GQEH3S\OneDrive - WKVE Telecom\Nova pasta\WhatsBot\tokens\Fechamento\Default\IndexedDB\https_web.whatsapp.com_0.indexeddb.leveldb/LOCK: File currently in use. (ChromeMethodBFE: 15::LockFile::2)
[0301/133722.219:ERROR:leveldb_factory.cc(88)] Failed to open LevelDB database from C:\Users\Hermani.DESKTOP-9GQEH3S\OneDrive - WKVE Telecom\Nova pasta\WhatsBot\tokens\Fechamento\Default\IndexedDB\https_web.whatsapp.com_0.indexeddb.leveldb,IO error: C:\Users\Hermani.DESKTOP-9GQEH3S\OneDrive - WKVE Telecom\Nova pasta\WhatsBot\tokens\Fechamento\Default\IndexedDB\https_web.whatsapp.com_0.indexeddb.leveldb/LOCK: File currently in use. (ChromeMethodBFE: 15::LockFile::2)
[0301/133724.345:ERROR:leveldb_factory.cc(88)] Failed to open LevelDB database from C:\Users\Hermani.DESKTOP-9GQEH3S\OneDrive - WKVE Telecom\Nova pasta\WhatsBot\tokens\Fechamento\Default\IndexedDB\https_web.whatsapp.com_0.indexeddb.leveldb,IO error: C:\Users\Hermani.DESKTOP-9GQEH3S\OneDrive - WKVE Telecom\Nova pasta\WhatsBot\tokens\Fechamento\Default\IndexedDB\https_web.whatsapp.com_0.indexeddb.leveldb/LOCK: File currently in use. (ChromeMethodBFE: 15::LockFile::2)
[0301/133726.500:ERROR:leveldb_factory.cc(88)] Failed to open LevelDB database from C:\Users\Hermani.DESKTOP-9GQEH3S\OneDrive - WKVE Telecom\Nova pasta\WhatsBot\tokens\Fechamento\Default\IndexedDB\https_web.whatsapp.com_0.indexeddb.leveldb,IO error: C:\Users\Hermani.DESKTOP-9GQEH3S\OneDrive - WKVE Telecom\Nova pasta\WhatsBot\tokens\Fechamento\Default\IndexedDB\https_web.whatsapp.com_0.indexeddb.leveldb/LOCK: File currently in use. (ChromeMethodBFE: 15::LockFile::2)
[0301/133728.600:ERROR:leveldb_factory.cc(88)] Failed to open LevelDB database from C:\Users\Hermani.DESKTOP-9GQEH3S\OneDrive - WKVE Telecom\Nova pasta\WhatsBot\tokens\Fechamento\Default\IndexedDB\https_web.whatsapp.com_0.indexeddb.leveldb,IO error: C:\Users\Hermani.DESKTOP-9GQEH3S\OneDrive - WKVE Telecom\Nova pasta\WhatsBot\tokens\Fechamento\Default\IndexedDB\https_web.whatsapp.com_0.indexeddb.leveldb/LOCK: File currently in use. (ChromeMethodBFE: 15::LockFile::2)
[0301/133730.713:ERROR:leveldb_factory.cc(88)] Failed to open LevelDB database from C:\Users\Hermani.DESKTOP-9GQEH3S\OneDrive - WKVE Telecom\Nova pasta\WhatsBot\tokens\Fechamento\Default\IndexedDB\https_web.whatsapp.com_0.indexeddb.leveldb,IO error: C:\Users\Hermani.DESKTOP-9GQEH3S\OneDrive - WKVE Telecom\Nova pasta\WhatsBot\tokens\Fechamento\Default\IndexedDB\https_web.whatsapp.com_0.indexeddb.leveldb/LOCK: File currently in use. (ChromeMethodBFE: 15::LockFile::2)
[0301/133732.892:ERROR:leveldb_factory.cc(88)] Failed to open LevelDB database from C:\Users\Hermani.DESKTOP-9GQEH3S\OneDrive - WKVE Telecom\Nova pasta\WhatsBot\tokens\Fechamento\Default\IndexedDB\https_web.whatsapp.com_0.indexeddb.leveldb,IO error: C:\Users\Hermani.DESKTOP-9GQEH3S\OneDrive - WKVE Telecom\Nova pasta\WhatsBot\tokens\Fechamento\Default\IndexedDB\https_web.whatsapp.com_0.indexeddb.leveldb/LOCK: File currently in use. (ChromeMethodBFE: 15::LockFile::2)
[0301/133735.098:ERROR:leveldb_factory.cc(88)] Failed to open LevelDB database from C:\Users\Hermani.DESKTOP-9GQEH3S\OneDrive - WKVE Telecom\Nova pasta\WhatsBot\tokens\Fechamento\Default\IndexedDB\https_web.whatsapp.com_0.indexeddb.leveldb,IO error: C:\Users\Hermani.DESKTOP-9GQEH3S\OneDrive - WKVE Telecom\Nova pasta\WhatsBot\tokens\Fechamento\Default\IndexedDB\https_web.whatsapp.com_0.indexeddb.leveldb/LOCK: File currently in use. (ChromeMethodBFE: 15::LockFile::2)
[0301/133737.296:ERROR:leveldb_factory.cc(88)] Failed to open LevelDB database from C:\Users\Hermani.DESKTOP-9GQEH3S\OneDrive - WKVE Telecom\Nova pasta\WhatsBot\tokens\Fechamento\Default\IndexedDB\https_web.whatsapp.com_0.indexeddb.leveldb,IO error: C:\Users\Hermani.DESKTOP-9GQEH3S\OneDrive - WKVE Telecom\Nova pasta\WhatsBot\tokens\Fechamento\Default\IndexedDB\https_web.whatsapp.com_0.indexeddb.leveldb/LOCK: File currently in use. (ChromeMethodBFE: 15::LockFile::2)
[0301/133739.427:ERROR:leveldb_factory.cc(88)] Failed to open LevelDB database from C:\Users\Hermani.DESKTOP-9GQEH3S\OneDrive - WKVE Telecom\Nova pasta\WhatsBot\tokens\Fechamento\Default\IndexedDB\https_web.whatsapp.com_0.indexeddb.leveldb,IO error: C:\Users\Hermani.DESKTOP-9GQEH3S\OneDrive - WKVE Telecom\Nova pasta\WhatsBot\tokens\Fechamento\Default\IndexedDB\https_web.whatsapp.com_0.indexeddb.leveldb/LOCK: File currently in use. (ChromeMethodBFE: 15::LockFile::2)
[0301/133741.628:ERROR:leveldb_factory.cc(88)] Failed to open LevelDB database from C:\Users\Hermani.DESKTOP-9GQEH3S\OneDrive - WKVE Telecom\Nova pasta\WhatsBot\tokens\Fechamento\Default\IndexedDB\https_web.whatsapp.com_0.indexeddb.leveldb,IO error: C:\Users\Hermani.DESKTOP-9GQEH3S\OneDrive - WKVE Telecom\Nova pasta\WhatsBot\tokens\Fechamento\Default\IndexedDB\https_web.whatsapp.com_0.indexeddb.leveldb/LOCK: File currently in use. (ChromeMethodBFE: 15::LockFile::2)
[0301/133743.763:ERROR:leveldb_factory.cc(88)] Failed to open LevelDB database from C:\Users\Hermani.DESKTOP-9GQEH3S\OneDrive - WKVE Telecom\Nova pasta\WhatsBot\tokens\Fechamento\Default\IndexedDB\https_web.whatsapp.com_0.indexeddb.leveldb,IO error: C:\Users\Hermani.DESKTOP-9GQEH3S\OneDrive - WKVE Telecom\Nova pasta\WhatsBot\tokens\Fechamento\Default\IndexedDB\https_web.whatsapp.com_0.indexeddb.leveldb/LOCK: File currently in use. (ChromeMethodBFE: 15::LockFile::2)
[0301/133744.998:INFO:CONSOLE(5)] "[object Event]", source: https://web.whatsapp.com/app.9e31a8725d9f2a90915f.js (5)
[0301/133745.929:ERROR:leveldb_factory.cc(88)] Failed to open LevelDB database from C:\Users\Hermani.DESKTOP-9GQEH3S\OneDrive - WKVE Telecom\Nova pasta\WhatsBot\tokens\Fechamento\Default\IndexedDB\https_web.whatsapp.com_0.indexeddb.leveldb,IO error: C:\Users\Hermani.DESKTOP-9GQEH3S\OneDrive - WKVE Telecom\Nova pasta\WhatsBot\tokens\Fechamento\Default\IndexedDB\https_web.whatsapp.com_0.indexeddb.leveldb/LOCK: File currently in use. (ChromeMethodBFE: 15::LockFile::2)
[0301/133748.066:ERROR:leveldb_factory.cc(88)] Failed to open LevelDB database from C:\Users\Hermani.DESKTOP-9GQEH3S\OneDrive - WKVE Telecom\Nova pasta\WhatsBot\tokens\Fechamento\Default\IndexedDB\https_web.whatsapp.com_0.indexeddb.leveldb,IO error: C:\Users\Hermani.DESKTOP-9GQEH3S\OneDrive - WKVE Telecom\Nova pasta\WhatsBot\tokens\Fechamento\Default\IndexedDB\https_web.whatsapp.com_0.indexeddb.leveldb/LOCK: File currently in use. (ChromeMethodBFE: 15::LockFile::2)
[0301/133750.249:ERROR:leveldb_factory.cc(88)] Failed to open LevelDB database from C:\Users\Hermani.DESKTOP-9GQEH3S\OneDrive - WKVE Telecom\Nova pasta\WhatsBot\tokens\Fechamento\Default\IndexedDB\https_web.whatsapp.com_0.indexeddb.leveldb,IO error: C:\Users\Hermani.DESKTOP-9GQEH3S\OneDrive - WKVE Telecom\Nova pasta\WhatsBot\tokens\Fechamento\Default\IndexedDB\https_web.whatsapp.com_0.indexeddb.leveldb/LOCK: File currently in use. (ChromeMethodBFE: 15::LockFile::2)
[0301/133752.327:ERROR:leveldb_factory.cc(88)] Failed to open LevelDB database from C:\Users\Hermani.DESKTOP-9GQEH3S\OneDrive - WKVE Telecom\Nova pasta\WhatsBot\tokens\Fechamento\Default\IndexedDB\https_web.whatsapp.com_0.indexeddb.leveldb,IO error: C:\Users\Hermani.DESKTOP-9GQEH3S\OneDrive - WKVE Telecom\Nova pasta\WhatsBot\tokens\Fechamento\Default\IndexedDB\https_web.whatsapp.com_0.indexeddb.leveldb/LOCK: File currently in use. (ChromeMethodBFE: 15::LockFile::2)
[0301/133754.478:ERROR:leveldb_factory.cc(88)] Failed to open LevelDB database from C:\Users\Hermani.DESKTOP-9GQEH3S\OneDrive - WKVE Telecom\Nova pasta\WhatsBot\tokens\Fechamento\Default\IndexedDB\https_web.whatsapp.com_0.indexeddb.leveldb,IO error: C:\Users\Hermani.DESKTOP-9GQEH3S\OneDrive - WKVE Telecom\Nova pasta\WhatsBot\tokens\Fechamento\Default\IndexedDB\https_web.whatsapp.com_0.indexeddb.leveldb/LOCK: File currently in use. (ChromeMethodBFE: 15::LockFile::2)
[0301/133756.663:ERROR:leveldb_factory.cc(88)] Failed to open LevelDB database from C:\Users\Hermani.DESKTOP-9GQEH3S\OneDrive - WKVE Telecom\Nova pasta\WhatsBot\tokens\Fechamento\Default\IndexedDB\https_web.whatsapp.com_0.indexeddb.leveldb,IO error: C:\Users\Hermani.DESKTOP-9GQEH3S\OneDrive - WKVE Telecom\Nova pasta\WhatsBot\tokens\Fechamento\Default\IndexedDB\https_web.whatsapp.com_0.indexeddb.leveldb/LOCK: File currently in use. (ChromeMethodBFE: 15::LockFile::2)
[0301/133758.881:ERROR:leveldb_factory.cc(88)] Failed to open LevelDB database from C:\Users\Hermani.DESKTOP-9GQEH3S\OneDrive - WKVE Telecom\Nova pasta\WhatsBot\tokens\Fechamento\Default\IndexedDB\https_web.whatsapp.com_0.indexeddb.leveldb,IO error: C:\Users\Hermani.DESKTOP-9GQEH3S\OneDrive - WKVE Telecom\Nova pasta\WhatsBot\tokens\Fechamento\Default\IndexedDB\https_web.whatsapp.com_0.indexeddb.leveldb/LOCK: File currently in use. (ChromeMethodBFE: 15::LockFile::2)
[0301/133801.017:ERROR:leveldb_factory.cc(88)] Failed to open LevelDB database from C:\Users\Hermani.DESKTOP-9GQEH3S\OneDrive - WKVE Telecom\Nova pasta\WhatsBot\tokens\Fechamento\Default\IndexedDB\https_web.whatsapp.com_0.indexeddb.leveldb,IO error: C:\Users\Hermani.DESKTOP-9GQEH3S\OneDrive - WKVE Telecom\Nova pasta\WhatsBot\tokens\Fechamento\Default\IndexedDB\https_web.whatsapp.com_0.indexeddb.leveldb/LOCK: File currently in use. (ChromeMethodBFE: 15::LockFile::2)
[0301/133803.298:ERROR:leveldb_factory.cc(88)] Failed to open LevelDB database from C:\Users\Hermani.DESKTOP-9GQEH3S\OneDrive - WKVE Telecom\Nova pasta\WhatsBot\tokens\Fechamento\Default\IndexedDB\https_web.whatsapp.com_0.indexeddb.leveldb,IO error: C:\Users\Hermani.DESKTOP-9GQEH3S\OneDrive - WKVE Telecom\Nova pasta\WhatsBot\tokens\Fechamento\Default\IndexedDB\https_web.whatsapp.com_0.indexeddb.leveldb/LOCK: File currently in use. (ChromeMethodBFE: 15::LockFile::2)
[0301/133805.510:ERROR:leveldb_factory.cc(88)] Failed to open LevelDB database from C:\Users\Hermani.DESKTOP-9GQEH3S\OneDrive - WKVE Telecom\Nova pasta\WhatsBot\tokens\Fechamento\Default\IndexedDB\https_web.whatsapp.com_0.indexeddb.leveldb,IO error: C:\Users\Hermani.DESKTOP-9GQEH3S\OneDrive - WKVE Telecom\Nova pasta\WhatsBot\tokens\Fechamento\Default\IndexedDB\https_web.whatsapp.com_0.indexeddb.leveldb/LOCK: File currently in use. (ChromeMethodBFE: 15::LockFile::2)
[0301/133807.790:ERROR:leveldb_factory.cc(88)] Failed to open LevelDB database from C:\Users\Hermani.DESKTOP-9GQEH3S\OneDrive - WKVE Telecom\Nova pasta\WhatsBot\tokens\Fechamento\Default\IndexedDB\https_web.whatsapp.com_0.indexeddb.leveldb,IO error: C:\Users\Hermani.DESKTOP-9GQEH3S\OneDrive - WKVE Telecom\Nova pasta\WhatsBot\tokens\Fechamento\Default\IndexedDB\https_web.whatsapp.com_0.indexeddb.leveldb/LOCK: File currently in use. (ChromeMethodBFE: 15::LockFile::2)
[0301/133809.871:ERROR:leveldb_factory.cc(88)] Failed to open LevelDB database from C:\Users\Hermani.DESKTOP-9GQEH3S\OneDrive - WKVE Telecom\Nova pasta\WhatsBot\tokens\Fechamento\Default\IndexedDB\https_web.whatsapp.com_0.indexeddb.leveldb,IO error: C:\Users\Hermani.DESKTOP-9GQEH3S\OneDrive - WKVE Telecom\Nova pasta\WhatsBot\tokens\Fechamento\Default\IndexedDB\https_web.whatsapp.com_0.indexeddb.leveldb/LOCK: File currently in use. (ChromeMethodBFE: 15::LockFile::2)
[0301/133812.043:ERROR:leveldb_factory.cc(88)] Failed to open LevelDB database from C:\Users\Hermani.DESKTOP-9GQEH3S\OneDrive - WKVE Telecom\Nova pasta\WhatsBot\tokens\Fechamento\Default\IndexedDB\https_web.whatsapp.com_0.indexeddb.leveldb,IO error: C:\Users\Hermani.DESKTOP-9GQEH3S\OneDrive - WKVE Telecom\Nova pasta\WhatsBot\tokens\Fechamento\Default\IndexedDB\https_web.whatsapp.com_0.indexeddb.leveldb/LOCK: File currently in use. (ChromeMethodBFE: 15::LockFile::2)
[0301/133814.278:ERROR:leveldb_factory.cc(88)] Failed to open LevelDB database from C:\Users\Hermani.DESKTOP-9GQEH3S\OneDrive - WKVE Telecom\Nova pasta\WhatsBot\tokens\Fechamento\Default\IndexedDB\https_web.whatsapp.com_0.indexeddb.leveldb,IO error: C:\Users\Hermani.DESKTOP-9GQEH3S\OneDrive - WKVE Telecom\Nova pasta\WhatsBot\tokens\Fechamento\Default\IndexedDB\https_web.whatsapp.com_0.indexeddb.leveldb/LOCK: File currently in use. (ChromeMethodBFE: 15::LockFile::2)
[0301/133816.359:ERROR:leveldb_factory.cc(88)] Failed to open LevelDB database from C:\Users\Hermani.DESKTOP-9GQEH3S\OneDrive - WKVE Telecom\Nova pasta\WhatsBot\tokens\Fechamento\Default\IndexedDB\https_web.whatsapp.com_0.indexeddb.leveldb,IO error: C:\Users\Hermani.DESKTOP-9GQEH3S\OneDrive - WKVE Telecom\Nova pasta\WhatsBot\tokens\Fechamento\Default\IndexedDB\https_web.whatsapp.com_0.indexeddb.leveldb/LOCK: File currently in use. (ChromeMethodBFE: 15::LockFile::2)
[0301/133818.459:ERROR:leveldb_factory.cc(88)] Failed to open LevelDB database from C:\Users\Hermani.DESKTOP-9GQEH3S\OneDrive - WKVE Telecom\Nova pasta\WhatsBot\tokens\Fechamento\Default\IndexedDB\https_web.whatsapp.com_0.indexeddb.leveldb,IO error: C:\Users\Hermani.DESKTOP-9GQEH3S\OneDrive - WKVE Telecom\Nova pasta\WhatsBot\tokens\Fechamento\Default\IndexedDB\https_web.whatsapp.com_0.indexeddb.leveldb/LOCK: File currently in use. (ChromeMethodBFE: 15::LockFile::2)
[0301/133822.492:INFO:CONSOLE(0)] "[object PromiseRejectionEvent]", source:  (0)
[0301/133822.494:INFO:CONSOLE(2)] "Uncaught (in promise) UnknownError: Failed to execute 'open' on 'CacheStorage': Unexpected internal error.", source: https://web.whatsapp.com/vendor1~app.0c8e960e5dfd7020f562.js (2)
